[repeated-partition-heal] validating repeated partition/heal invariants cycles=3
[repeated-partition-heal] cycle=1 server: stream cursor catch-up remains stable
    Finished `test` profile [unoptimized + debuginfo] target(s) in 0.14s
     Running unittests src/lib.rs (target/debug/deps/server-c25cad2ab85cb391)

running 1 test
test core::app::tests::wal_export_with_stream_cursors_does_not_skip_unseen_streams ... ok

test result: ok. 1 passed; 0 failed; 0 ignored; 0 measured; 310 filtered out; finished in 0.02s

     Running unittests src/main.rs (target/debug/deps/server-1801c0ba9576df6a)

running 0 tests

test result: ok. 0 passed; 0 failed; 0 ignored; 0 measured; 0 filtered out; finished in 0.00s

[repeated-partition-heal] cycle=1 server: stale schema revision protection remains stable
    Finished `test` profile [unoptimized + debuginfo] target(s) in 0.15s
     Running unittests src/lib.rs (target/debug/deps/server-c25cad2ab85cb391)

running 1 test
test core::app::tests::affinity_wal_import_ignores_stale_schema_revision_and_returns_database_to_ready ... ok

test result: ok. 1 passed; 0 failed; 0 ignored; 0 measured; 310 filtered out; finished in 0.01s

     Running unittests src/main.rs (target/debug/deps/server-1801c0ba9576df6a)

running 0 tests

test result: ok. 0 passed; 0 failed; 0 ignored; 0 measured; 0 filtered out; finished in 0.00s

[repeated-partition-heal] cycle=1 server: concurrent conflict rejection remains stable
    Finished `test` profile [unoptimized + debuginfo] target(s) in 0.15s
     Running unittests src/lib.rs (target/debug/deps/server-c25cad2ab85cb391)

running 1 test
test core::app::tests::snapshot_isolation_rejects_concurrent_write_write_conflicts ... ok

test result: ok. 1 passed; 0 failed; 0 ignored; 0 measured; 310 filtered out; finished in 0.06s

     Running unittests src/main.rs (target/debug/deps/server-1801c0ba9576df6a)

running 0 tests

test result: ok. 0 passed; 0 failed; 0 ignored; 0 measured; 0 filtered out; finished in 0.00s

[repeated-partition-heal] cycle=1 serverlib: checkpoint progression remains stable
    Finished `test` profile [unoptimized + debuginfo] target(s) in 0.14s
     Running unittests src/lib.rs (target/debug/deps/serverlib-d0591de7bfd851f5)

running 1 test
test engine::affinity::storage::tests::processor_checkpoint_integration ... ok

test result: ok. 1 passed; 0 failed; 0 ignored; 0 measured; 645 filtered out; finished in 0.00s

[repeated-partition-heal] cycle=2 server: stream cursor catch-up remains stable
    Finished `test` profile [unoptimized + debuginfo] target(s) in 0.15s
     Running unittests src/lib.rs (target/debug/deps/server-c25cad2ab85cb391)

running 1 test
test core::app::tests::wal_export_with_stream_cursors_does_not_skip_unseen_streams ... ok

test result: ok. 1 passed; 0 failed; 0 ignored; 0 measured; 310 filtered out; finished in 0.01s

     Running unittests src/main.rs (target/debug/deps/server-1801c0ba9576df6a)

running 0 tests

test result: ok. 0 passed; 0 failed; 0 ignored; 0 measured; 0 filtered out; finished in 0.00s

[repeated-partition-heal] cycle=2 server: stale schema revision protection remains stable
    Finished `test` profile [unoptimized + debuginfo] target(s) in 0.15s
     Running unittests src/lib.rs (target/debug/deps/server-c25cad2ab85cb391)

running 1 test
test core::app::tests::affinity_wal_import_ignores_stale_schema_revision_and_returns_database_to_ready ... ok

test result: ok. 1 passed; 0 failed; 0 ignored; 0 measured; 310 filtered out; finished in 0.01s

     Running unittests src/main.rs (target/debug/deps/server-1801c0ba9576df6a)

running 0 tests

test result: ok. 0 passed; 0 failed; 0 ignored; 0 measured; 0 filtered out; finished in 0.00s

[repeated-partition-heal] cycle=2 server: concurrent conflict rejection remains stable
    Finished `test` profile [unoptimized + debuginfo] target(s) in 0.14s
     Running unittests src/lib.rs (target/debug/deps/server-c25cad2ab85cb391)

running 1 test
test core::app::tests::snapshot_isolation_rejects_concurrent_write_write_conflicts ... ok

test result: ok. 1 passed; 0 failed; 0 ignored; 0 measured; 310 filtered out; finished in 0.06s

     Running unittests src/main.rs (target/debug/deps/server-1801c0ba9576df6a)

running 0 tests

test result: ok. 0 passed; 0 failed; 0 ignored; 0 measured; 0 filtered out; finished in 0.00s

[repeated-partition-heal] cycle=2 serverlib: checkpoint progression remains stable
    Finished `test` profile [unoptimized + debuginfo] target(s) in 0.15s
     Running unittests src/lib.rs (target/debug/deps/serverlib-d0591de7bfd851f5)

running 1 test
test engine::affinity::storage::tests::processor_checkpoint_integration ... ok

test result: ok. 1 passed; 0 failed; 0 ignored; 0 measured; 645 filtered out; finished in 0.00s

[repeated-partition-heal] cycle=3 server: stream cursor catch-up remains stable
    Finished `test` profile [unoptimized + debuginfo] target(s) in 0.15s
     Running unittests src/lib.rs (target/debug/deps/server-c25cad2ab85cb391)

running 1 test
test core::app::tests::wal_export_with_stream_cursors_does_not_skip_unseen_streams ... ok

test result: ok. 1 passed; 0 failed; 0 ignored; 0 measured; 310 filtered out; finished in 0.02s

     Running unittests src/main.rs (target/debug/deps/server-1801c0ba9576df6a)

running 0 tests

test result: ok. 0 passed; 0 failed; 0 ignored; 0 measured; 0 filtered out; finished in 0.00s

[repeated-partition-heal] cycle=3 server: stale schema revision protection remains stable
    Finished `test` profile [unoptimized + debuginfo] target(s) in 0.15s
     Running unittests src/lib.rs (target/debug/deps/server-c25cad2ab85cb391)

running 1 test
test core::app::tests::affinity_wal_import_ignores_stale_schema_revision_and_returns_database_to_ready ... ok

test result: ok. 1 passed; 0 failed; 0 ignored; 0 measured; 310 filtered out; finished in 0.02s

     Running unittests src/main.rs (target/debug/deps/server-1801c0ba9576df6a)

running 0 tests

test result: ok. 0 passed; 0 failed; 0 ignored; 0 measured; 0 filtered out; finished in 0.00s

[repeated-partition-heal] cycle=3 server: concurrent conflict rejection remains stable
    Finished `test` profile [unoptimized + debuginfo] target(s) in 0.15s
     Running unittests src/lib.rs (target/debug/deps/server-c25cad2ab85cb391)

running 1 test
test core::app::tests::snapshot_isolation_rejects_concurrent_write_write_conflicts ... ok

test result: ok. 1 passed; 0 failed; 0 ignored; 0 measured; 310 filtered out; finished in 0.06s

     Running unittests src/main.rs (target/debug/deps/server-1801c0ba9576df6a)

running 0 tests

test result: ok. 0 passed; 0 failed; 0 ignored; 0 measured; 0 filtered out; finished in 0.00s

[repeated-partition-heal] cycle=3 serverlib: checkpoint progression remains stable
    Finished `test` profile [unoptimized + debuginfo] target(s) in 0.14s
     Running unittests src/lib.rs (target/debug/deps/serverlib-d0591de7bfd851f5)

running 1 test
test engine::affinity::storage::tests::processor_checkpoint_integration ... ok

test result: ok. 1 passed; 0 failed; 0 ignored; 0 measured; 645 filtered out; finished in 0.00s

[repeated-partition-heal] suite passed
