[partition-reconvergence] validating affinity sync recovery and reconvergence invariants
[partition-reconvergence] server: schema sync failure returns database to ready
    Finished `test` profile [unoptimized + debuginfo] target(s) in 0.17s
     Running unittests src/lib.rs (target/debug/deps/server-c25cad2ab85cb391)

running 1 test
test core::app::tests::affinity_schema_sync_failure_returns_database_to_ready ... ok

test result: ok. 1 passed; 0 failed; 0 ignored; 0 measured; 310 filtered out; finished in 0.00s

     Running unittests src/main.rs (target/debug/deps/server-1801c0ba9576df6a)

running 0 tests

test result: ok. 0 passed; 0 failed; 0 ignored; 0 measured; 0 filtered out; finished in 0.00s

[partition-reconvergence] server: stale wal import ignored and database returns to ready
    Finished `test` profile [unoptimized + debuginfo] target(s) in 0.15s
     Running unittests src/lib.rs (target/debug/deps/server-c25cad2ab85cb391)

running 1 test
test core::app::tests::affinity_wal_import_ignores_stale_schema_revision_and_returns_database_to_ready ... ok

test result: ok. 1 passed; 0 failed; 0 ignored; 0 measured; 310 filtered out; finished in 0.01s

     Running unittests src/main.rs (target/debug/deps/server-1801c0ba9576df6a)

running 0 tests

test result: ok. 0 passed; 0 failed; 0 ignored; 0 measured; 0 filtered out; finished in 0.00s

[partition-reconvergence] serverlib: replication executor tracks phase progression
    Finished `test` profile [unoptimized + debuginfo] target(s) in 0.14s
     Running unittests src/lib.rs (target/debug/deps/serverlib-d0591de7bfd851f5)

running 1 test
test engine::replication_executor::tests::executor_tracks_phase_progression ... ok

test result: ok. 1 passed; 0 failed; 0 ignored; 0 measured; 645 filtered out; finished in 0.00s

[partition-reconvergence] serverlib: checkpoint integration persists recovery position
    Finished `test` profile [unoptimized + debuginfo] target(s) in 0.14s
     Running unittests src/lib.rs (target/debug/deps/serverlib-d0591de7bfd851f5)

running 1 test
test engine::affinity::storage::tests::processor_checkpoint_integration ... ok

test result: ok. 1 passed; 0 failed; 0 ignored; 0 measured; 645 filtered out; finished in 0.00s

[partition-reconvergence] suite passed
