[unilateral-write-delayed-heal] validating unilateral writer partition and delayed-heal invariants
[unilateral-write-delayed-heal] server: stream cursor catch-up does not skip unseen streams
    Finished `test` profile [unoptimized + debuginfo] target(s) in 0.16s
     Running unittests src/lib.rs (target/debug/deps/server-c25cad2ab85cb391)

running 1 test
test core::app::tests::wal_export_with_stream_cursors_does_not_skip_unseen_streams ... ok

test result: ok. 1 passed; 0 failed; 0 ignored; 0 measured; 280 filtered out; finished in 0.01s

     Running unittests src/main.rs (target/debug/deps/server-1801c0ba9576df6a)

running 0 tests

test result: ok. 0 passed; 0 failed; 0 ignored; 0 measured; 0 filtered out; finished in 0.00s

[unilateral-write-delayed-heal] server: stale schema revision wal import is rejected and database returns ready
    Finished `test` profile [unoptimized + debuginfo] target(s) in 0.16s
     Running unittests src/lib.rs (target/debug/deps/server-c25cad2ab85cb391)

running 1 test
test core::app::tests::affinity_wal_import_ignores_stale_schema_revision_and_returns_database_to_ready ... ok

test result: ok. 1 passed; 0 failed; 0 ignored; 0 measured; 280 filtered out; finished in 0.01s

     Running unittests src/main.rs (target/debug/deps/server-1801c0ba9576df6a)

running 0 tests

test result: ok. 0 passed; 0 failed; 0 ignored; 0 measured; 0 filtered out; finished in 0.00s

[unilateral-write-delayed-heal] server: schema sync failure returns database to ready
    Finished `test` profile [unoptimized + debuginfo] target(s) in 0.16s
     Running unittests src/lib.rs (target/debug/deps/server-c25cad2ab85cb391)

running 1 test
test core::app::tests::affinity_schema_sync_failure_returns_database_to_ready ... ok

test result: ok. 1 passed; 0 failed; 0 ignored; 0 measured; 280 filtered out; finished in 0.00s

     Running unittests src/main.rs (target/debug/deps/server-1801c0ba9576df6a)

running 0 tests

test result: ok. 0 passed; 0 failed; 0 ignored; 0 measured; 0 filtered out; finished in 0.00s

[unilateral-write-delayed-heal] serverlib: affinity checkpoint integration preserves convergence progress
    Finished `test` profile [unoptimized + debuginfo] target(s) in 0.15s
     Running unittests src/lib.rs (target/debug/deps/serverlib-d0591de7bfd851f5)

running 1 test
test engine::affinity::storage::tests::processor_checkpoint_integration ... ok

test result: ok. 1 passed; 0 failed; 0 ignored; 0 measured; 645 filtered out; finished in 0.00s

[unilateral-write-delayed-heal] suite passed
